#
# There is insufficient memory for the Java Runtime Environment to continue.
# Native memory allocation (malloc) failed to allocate 32744 bytes for ChunkPool::allocate
# Possible reasons:
#   The system is out of physical RAM or swap space
#   In 32 bit mode, the process size limit was hit
# Possible solutions:
#   Reduce memory load on the system
#   Increase physical memory or swap space
#   Check if swap backing store is full
#   Use 64 bit Java on a 64 bit OS
#   Decrease Java heap size (-Xmx/-Xms)
#   Decrease number of Java threads
#   Decrease Java thread stack sizes (-Xss)
#   Set larger code cache with -XX:ReservedCodeCacheSize=
# This output file may be truncated or incomplete.
#
#  Out of Memory Error (allocation.cpp:273), pid=1032, tid=0x0000000000002534
#
# JRE version: OpenJDK Runtime Environment (8.0_152-b01) (build 1.8.0_152-release-915-b01)
# Java VM: OpenJDK 64-Bit Server VM (25.152-b01 mixed mode windows-amd64 compressed oops)
# Failed to write core dump. Minidumps are not enabled by default on client versions of Windows
#

---------------  T H R E A D  ---------------

Current thread (0x0000000018988000):  JavaThread "C2 CompilerThread0" daemon [_thread_in_native, id=9524, stack(0x000000001a100000,0x000000001a200000)]

Stack: [0x000000001a100000,0x000000001a200000]
[error occurred during error reporting (printing stack bounds), id 0xc0000005]

Native frames: (J=compiled Java code, j=interpreted, Vv=VM code, C=native code)


Current CompileTask:
C2:  28775 4627   !   4       com.sun.beans.TypeResolver::resolve (274 bytes)


---------------  P R O C E S S  ---------------

Java Threads: ( => current thread )
  0x000000001c0fc000 JavaThread "Memory manager" [_thread_blocked, id=7908, stack(0x00000000211e0000,0x00000000212e0000)]
  0x000000001c0fb000 JavaThread "build operations Thread 4" [_thread_blocked, id=7100, stack(0x0000000020ae0000,0x0000000020be0000)]
  0x000000001c0fa800 JavaThread "build operations Thread 3" [_thread_blocked, id=11432, stack(0x00000000209e0000,0x0000000020ae0000)]
  0x000000001c0fd800 JavaThread "build operations Thread 2" [_thread_blocked, id=1680, stack(0x00000000208e0000,0x00000000209e0000)]
  0x000000001c0ff800 JavaThread "build operations" [_thread_blocked, id=10192, stack(0x00000000207e0000,0x00000000208e0000)]
  0x000000001c0fe000 JavaThread "Cache worker for Artifact transforms cache (C:\Users\ASUS\.gradle\caches\transforms-1)" [_thread_blocked, id=6300, stack(0x000000001fde0000,0x000000001fee0000)]
  0x000000001c322000 JavaThread "Cache worker for file hash cache (C:\Users\ASUS\Documents\Proyectos\RetameV2\.gradle\4.1\fileHashes)" [_thread_blocked, id=10468, stack(0x000000001e670000,0x000000001e770000)]
  0x000000001bfeb000 JavaThread "File lock request listener" [_thread_in_native, id=6140, stack(0x000000001e370000,0x000000001e470000)]
  0x000000001bfa8000 JavaThread "Cache worker for file hash cache (C:\Users\ASUS\.gradle\caches\4.1\fileHashes)" [_thread_blocked, id=5028, stack(0x000000001e270000,0x000000001e370000)]
  0x000000001be7c000 JavaThread "Stdin handler" [_thread_blocked, id=5260, stack(0x000000001e170000,0x000000001e270000)]
  0x000000001be7a800 JavaThread "Asynchronous log dispatcher for DefaultDaemonConnection: socket connection from /127.0.0.1:51837 to /127.0.0.1:51838" [_thread_blocked, id=8520, stack(0x000000001e070000,0x000000001e170000)]
  0x000000001bede800 JavaThread "Daemon worker" [_thread_blocked, id=2152, stack(0x000000001df70000,0x000000001e070000)]
  0x000000001bc93000 JavaThread "Cancel handler" [_thread_blocked, id=10916, stack(0x000000001de70000,0x000000001df70000)]
  0x000000001bee1000 JavaThread "Handler for socket connection from /127.0.0.1:51837 to /127.0.0.1:51838" [_thread_in_native, id=9784, stack(0x000000001db70000,0x000000001dc70000)]
  0x000000001b815000 JavaThread "Daemon" [_thread_blocked, id=5192, stack(0x000000001da70000,0x000000001db70000)]
  0x000000001b95b000 JavaThread "Daemon periodic checks" [_thread_blocked, id=6756, stack(0x000000001d970000,0x000000001da70000)]
  0x000000001bb36800 JavaThread "Incoming local TCP Connector on port 51837" [_thread_in_native, id=11596, stack(0x000000001c1d0000,0x000000001c2d0000)]
  0x00000000189ee000 JavaThread "Service Thread" daemon [_thread_blocked, id=9200, stack(0x000000001a800000,0x000000001a900000)]
  0x000000001898f000 JavaThread "C1 CompilerThread2" daemon [_thread_in_native, id=10020, stack(0x000000001a300000,0x000000001a400000)]
  0x000000001898b800 JavaThread "C2 CompilerThread1" daemon [_thread_in_native, id=3260, stack(0x000000001a200000,0x000000001a300000)]
=>0x0000000018988000 JavaThread "C2 CompilerThread0" daemon [_thread_in_native, id=9524, stack(0x000000001a100000,0x000000001a200000)]
  0x0000000018996000 JavaThread "Attach Listener" daemon [_thread_blocked, id=2676, stack(0x000000001a000000,0x000000001a100000)]
  0x0000000018995000 JavaThread "Signal Dispatcher" daemon [_thread_blocked, id=5132, stack(0x0000000019f00000,0x000000001a000000)]
  0x000000000501c800 JavaThread "Finalizer" daemon [_thread_blocked, id=1496, stack(0x0000000019bf0000,0x0000000019cf0000)]
  0x0000000018957800 JavaThread "Reference Handler" daemon [_thread_blocked, id=5996, stack(0x0000000019af0000,0x0000000019bf0000)]
  0x0000000004ecd800 JavaThread "main" [_thread_blocked, id=7328, stack(0x0000000004d70000,0x0000000004e70000)]

Other Threads:
  0x0000000018955000 VMThread [stack: 0x00000000199f0000,0x0000000019af0000] [id=1812]
  0x00000000189ee800 WatcherThread [stack: 0x000000001a900000,0x000000001aa00000] [id=4068]

VM state:at safepoint (normal execution)

VM Mutex/Monitor currently owned by a thread:  ([mutex/lock_event])
[0x0000000004ecc620] Threads_lock - owner thread: 0x0000000018955000
[0x0000000004eccea0] Heap_lock - owner thread: 0x000000001bede800

Heap:
 PSYoungGen      total 103936K, used 36186K [0x00000000e0000000, 0x00000000e7780000, 0x0000000100000000)
  eden space 94208K, 28% used [0x00000000e0000000,0x00000000e19de9f0,0x00000000e5c00000)
  from space 9728K, 99% used [0x00000000e6e00000,0x00000000e77781a8,0x00000000e7780000)
  to   space 13312K, 48% used [0x00000000e5d80000,0x00000000e63c72e0,0x00000000e6a80000)
 ParOldGen       total 43008K, used 17634K [0x00000000a0000000, 0x00000000a2a00000, 0x00000000e0000000)
  object space 43008K, 41% used [0x00000000a0000000,0x00000000a1138818,0x00000000a2a00000)
 Metaspace       used 44205K, capacity 45238K, committed 45312K, reserved 1091584K
  class space    used 5986K, capacity 6331K, committed 6400K, reserved 1048576K

Card table byte_map: [0x00000000143e0000,0x00000000146f0000] byte_map_base: 0x0000000013ee0000

Marking Bits: (ParMarkBitMap*) 0x000000006a933950
 Begin Bits: [0x0000000014cf0000, 0x00000000164f0000)
 End Bits:   [0x00000000164f0000, 0x0000000017cf0000)

Polling page: 0x0000000000df0000

CodeCache: size=245760Kb used=14700Kb max_used=14731Kb free=231059Kb
 bounds [0x0000000005020000, 0x0000000005e90000, 0x0000000014020000]
 total_blobs=4935 nmethods=4209 adapters=638
 compilation: enabled

Compilation events (10 events):
Event: 28.742 Thread 0x000000001898f000 nmethod 4712 0x0000000005e7a850 code [0x0000000005e7aa00, 0x0000000005e7adf8]
Event: 28.742 Thread 0x000000001898f000 4713   !   3       com.sun.xml.internal.bind.v2.model.annotation.LocatableAnnotation::create (106 bytes)
Event: 28.743 Thread 0x000000001898f000 nmethod 4713 0x0000000005e7b110 code [0x0000000005e7b400, 0x0000000005e7ccc8]
Event: 28.743 Thread 0x000000001898f000 4714       3       sun.reflect.generics.parser.SignatureParser::parseClassTypeSignature (118 bytes)
Event: 28.744 Thread 0x000000001898f000 nmethod 4714 0x0000000005e7d7d0 code [0x0000000005e7db60, 0x0000000005e7f648]
Event: 28.744 Thread 0x000000001898f000 4716       1       com.sun.xml.internal.bind.v2.model.impl.TypeInfoImpl::nav (8 bytes)
Event: 28.744 Thread 0x000000001898f000 nmethod 4716 0x0000000005e80590 code [0x0000000005e806e0, 0x0000000005e807f0]
Event: 28.744 Thread 0x000000001898f000 4717       3       java.util.TreeMap::colorOf (13 bytes)
Event: 28.744 Thread 0x000000001898f000 nmethod 4717 0x0000000005e80890 code [0x0000000005e809e0, 0x0000000005e80b70]
Event: 28.744 Thread 0x000000001898f000 4715       3       java.lang.Package::hashCode (8 bytes)

GC Heap History (10 events):
Event: 10.932 GC heap before
{Heap before GC invocations=8 (full 1):
 PSYoungGen      total 72192K, used 64512K [0x00000000e0000000, 0x00000000e5100000, 0x0000000100000000)
  eden space 64512K, 100% used [0x00000000e0000000,0x00000000e3f00000,0x00000000e3f00000)
  from space 7680K, 0% used [0x00000000e4780000,0x00000000e4780000,0x00000000e4f00000)
  to   space 8704K, 0% used [0x00000000e3f00000,0x00000000e3f00000,0x00000000e4780000)
 ParOldGen       total 35840K, used 8776K [0x00000000a0000000, 0x00000000a2300000, 0x00000000e0000000)
  object space 35840K, 24% used [0x00000000a0000000,0x00000000a0892198,0x00000000a2300000)
 Metaspace       used 25990K, capacity 26510K, committed 26880K, reserved 1073152K
  class space    used 3536K, capacity 3718K, committed 3840K, reserved 1048576K
Event: 10.944 GC heap after
Heap after GC invocations=8 (full 1):
 PSYoungGen      total 73216K, used 6533K [0x00000000e0000000, 0x00000000e7900000, 0x0000000100000000)
  eden space 64512K, 0% used [0x00000000e0000000,0x00000000e0000000,0x00000000e3f00000)
  from space 8704K, 75% used [0x00000000e3f00000,0x00000000e45617e8,0x00000000e4780000)
  to   space 9216K, 0% used [0x00000000e7000000,0x00000000e7000000,0x00000000e7900000)
 ParOldGen       total 35840K, used 8784K [0x00000000a0000000, 0x00000000a2300000, 0x00000000e0000000)
  object space 35840K, 24% used [0x00000000a0000000,0x00000000a0894198,0x00000000a2300000)
 Metaspace       used 25990K, capacity 26510K, committed 26880K, reserved 1073152K
  class space    used 3536K, capacity 3718K, committed 3840K, reserved 1048576K
}
Event: 19.794 GC heap before
{Heap before GC invocations=9 (full 1):
 PSYoungGen      total 73216K, used 71045K [0x00000000e0000000, 0x00000000e7900000, 0x0000000100000000)
  eden space 64512K, 100% used [0x00000000e0000000,0x00000000e3f00000,0x00000000e3f00000)
  from space 8704K, 75% used [0x00000000e3f00000,0x00000000e45617e8,0x00000000e4780000)
  to   space 9216K, 0% used [0x00000000e7000000,0x00000000e7000000,0x00000000e7900000)
 ParOldGen       total 35840K, used 8784K [0x00000000a0000000, 0x00000000a2300000, 0x00000000e0000000)
  object space 35840K, 24% used [0x00000000a0000000,0x00000000a0894198,0x00000000a2300000)
 Metaspace       used 31122K, capacity 31798K, committed 32000K, reserved 1077248K
  class space    used 4300K, capacity 4584K, committed 4608K, reserved 1048576K
Event: 19.802 GC heap after
Heap after GC invocations=9 (full 1):
 PSYoungGen      total 111104K, used 9195K [0x00000000e0000000, 0x00000000e7900000, 0x0000000100000000)
  eden space 101888K, 0% used [0x00000000e0000000,0x00000000e0000000,0x00000000e6380000)
  from space 9216K, 99% used [0x00000000e7000000,0x00000000e78fad20,0x00000000e7900000)
  to   space 10752K, 0% used [0x00000000e6400000,0x00000000e6400000,0x00000000e6e80000)
 ParOldGen       total 35840K, used 9224K [0x00000000a0000000, 0x00000000a2300000, 0x00000000e0000000)
  object space 35840K, 25% used [0x00000000a0000000,0x00000000a0902028,0x00000000a2300000)
 Metaspace       used 31122K, capacity 31798K, committed 32000K, reserved 1077248K
  class space    used 4300K, capacity 4584K, committed 4608K, reserved 1048576K
}
Event: 26.871 GC heap before
{Heap before GC invocations=10 (full 1):
 PSYoungGen      total 111104K, used 75999K [0x00000000e0000000, 0x00000000e7900000, 0x0000000100000000)
  eden space 101888K, 65% used [0x00000000e0000000,0x00000000e413d198,0x00000000e6380000)
  from space 9216K, 99% used [0x00000000e7000000,0x00000000e78fad20,0x00000000e7900000)
  to   space 10752K, 0% used [0x00000000e6400000,0x00000000e6400000,0x00000000e6e80000)
 ParOldGen       total 35840K, used 9224K [0x00000000a0000000, 0x00000000a2300000, 0x00000000e0000000)
  object space 35840K, 25% used [0x00000000a0000000,0x00000000a0902028,0x00000000a2300000)
 Metaspace       used 34561K, capacity 35284K, committed 35416K, reserved 1079296K
  class space    used 4713K, capacity 5006K, committed 5120K, reserved 1048576K
Event: 26.879 GC heap after
Heap after GC invocations=10 (full 1):
 PSYoungGen      total 108032K, used 10128K [0x00000000e0000000, 0x00000000e7780000, 0x0000000100000000)
  eden space 97792K, 0% used [0x00000000e0000000,0x00000000e0000000,0x00000000e5f80000)
  from space 10240K, 98% used [0x00000000e6400000,0x00000000e6de42d8,0x00000000e6e00000)
  to   space 9728K, 0% used [0x00000000e6e00000,0x00000000e6e00000,0x00000000e7780000)
 ParOldGen       total 35840K, used 9296K [0x00000000a0000000, 0x00000000a2300000, 0x00000000e0000000)
  object space 35840K, 25% used [0x00000000a0000000,0x00000000a0914038,0x00000000a2300000)
 Metaspace       used 34561K, capacity 35284K, committed 35416K, reserved 1079296K
  class space    used 4713K, capacity 5006K, committed 5120K, reserved 1048576K
}
Event: 26.879 GC heap before
{Heap before GC invocations=11 (full 2):
 PSYoungGen      total 108032K, used 10128K [0x00000000e0000000, 0x00000000e7780000, 0x0000000100000000)
  eden space 97792K, 0% used [0x00000000e0000000,0x00000000e0000000,0x00000000e5f80000)
  from space 10240K, 98% used [0x00000000e6400000,0x00000000e6de42d8,0x00000000e6e00000)
  to   space 9728K, 0% used [0x00000000e6e00000,0x00000000e6e00000,0x00000000e7780000)
 ParOldGen       total 35840K, used 9296K [0x00000000a0000000, 0x00000000a2300000, 0x00000000e0000000)
  object space 35840K, 25% used [0x00000000a0000000,0x00000000a0914038,0x00000000a2300000)
 Metaspace       used 34561K, capacity 35284K, committed 35416K, reserved 1079296K
  class space    used 4713K, capacity 5006K, committed 5120K, reserved 1048576K
Event: 26.918 GC heap after
Heap after GC invocations=11 (full 2):
 PSYoungGen      total 108032K, used 0K [0x00000000e0000000, 0x00000000e7780000, 0x0000000100000000)
  eden space 97792K, 0% used [0x00000000e0000000,0x00000000e0000000,0x00000000e5f80000)
  from space 10240K, 0% used [0x00000000e6400000,0x00000000e6400000,0x00000000e6e00000)
  to   space 9728K, 0% used [0x00000000e6e00000,0x00000000e6e00000,0x00000000e7780000)
 ParOldGen       total 43008K, used 16430K [0x00000000a0000000, 0x00000000a2a00000, 0x00000000e0000000)
  object space 43008K, 38% used [0x00000000a0000000,0x00000000a100ba18,0x00000000a2a00000)
 Metaspace       used 34561K, capacity 35284K, committed 35416K, reserved 1079296K
  class space    used 4713K, capacity 5006K, committed 5120K, reserved 1048576K
}
Event: 28.306 GC heap before
{Heap before GC invocations=12 (full 2):
 PSYoungGen      total 108032K, used 97792K [0x00000000e0000000, 0x00000000e7780000, 0x0000000100000000)
  eden space 97792K, 100% used [0x00000000e0000000,0x00000000e5f80000,0x00000000e5f80000)
  from space 10240K, 0% used [0x00000000e6400000,0x00000000e6400000,0x00000000e6e00000)
  to   space 9728K, 0% used [0x00000000e6e00000,0x00000000e6e00000,0x00000000e7780000)
 ParOldGen       total 43008K, used 16430K [0x00000000a0000000, 0x00000000a2a00000, 0x00000000e0000000)
  object space 43008K, 38% used [0x00000000a0000000,0x00000000a100ba18,0x00000000a2a00000)
 Metaspace       used 41671K, capacity 42592K, committed 42880K, reserved 1085440K
  class space    used 5575K, capacity 5915K, committed 6016K, reserved 1048576K
Event: 28.313 GC heap after
Heap after GC invocations=12 (full 2):
 PSYoungGen      total 103936K, used 9696K [0x00000000e0000000, 0x00000000e7780000, 0x0000000100000000)
  eden space 94208K, 0% used [0x00000000e0000000,0x00000000e0000000,0x00000000e5c00000)
  from space 9728K, 99% used [0x00000000e6e00000,0x00000000e77781a8,0x00000000e7780000)
  to   space 13312K, 0% used [0x00000000e5d80000,0x00000000e5d80000,0x00000000e6a80000)
 ParOldGen       total 43008K, used 17634K [0x00000000a0000000, 0x00000000a2a00000, 0x00000000e0000000)
  object space 43008K, 41% used [0x00000000a0000000,0x00000000a1138818,0x00000000a2a00000)
 Metaspace       used 41671K, capacity 42592K, committed 42880K, reserved 1085440K
  class space    used 5575K, capacity 5915K, committed 6016K, reserved 1048576K
}

Deoptimization events (10 events):
Event: 27.750 Thread 0x000000001bede800 Uncommon trap: reason=class_check action=maybe_recompile pc=0x0000000005248ee4 method=java.util.jar.JarFile.getJarEntry(Ljava/lang/String;)Ljava/util/jar/JarEntry; @ 2
Event: 27.751 Thread 0x000000001bede800 Uncommon trap: reason=class_check action=maybe_recompile pc=0x0000000005248ee4 method=java.util.jar.JarFile.getJarEntry(Ljava/lang/String;)Ljava/util/jar/JarEntry; @ 2
Event: 27.751 Thread 0x000000001bede800 Uncommon trap: reason=unstable_if action=reinterpret pc=0x00000000052e06b8 method=java.util.LinkedHashMap.get(Ljava/lang/Object;)Ljava/lang/Object; @ 20
Event: 28.157 Thread 0x000000001bede800 Uncommon trap: reason=unstable_if action=reinterpret pc=0x0000000005c698ec method=java.security.CodeSource.matchCerts(Ljava/security/CodeSource;Z)Z @ 11
Event: 28.157 Thread 0x000000001bede800 Uncommon trap: reason=unstable_if action=reinterpret pc=0x0000000005e248f4 method=java.lang.ClassLoader.compareCerts([Ljava/security/cert/Certificate;[Ljava/security/cert/Certificate;)Z @ 1
Event: 28.304 Thread 0x000000001bede800 Uncommon trap: reason=unstable_if action=reinterpret pc=0x00000000059e5308 method=org.gradle.internal.reflect.PropertyAccessorType.of(Ljava/lang/reflect/Method;)Lorg/gradle/internal/reflect/PropertyAccessorType; @ 4
Event: 28.733 Thread 0x000000001bede800 Uncommon trap: reason=bimorphic action=maybe_recompile pc=0x0000000005ac9efc method=java.util.AbstractList$Itr.next()Ljava/lang/Object; @ 14
Event: 28.733 Thread 0x000000001bede800 Uncommon trap: reason=bimorphic action=maybe_recompile pc=0x0000000005ac9efc method=java.util.AbstractList$Itr.next()Ljava/lang/Object; @ 14
Event: 28.733 Thread 0x000000001bede800 Uncommon trap: reason=bimorphic action=maybe_recompile pc=0x0000000005ac9efc method=java.util.AbstractList$Itr.next()Ljava/lang/Object; @ 14
Event: 28.733 Thread 0x000000001bede800 Uncommon trap: reason=bimorphic action=maybe_recompile pc=0x0000000005ac9efc method=java.util.AbstractList$Itr.next()Ljava/lang/Object; @ 14

Classes redefined (0 events):
No events

Internal exceptions (10 events):
Event: 28.682 Thread 0x000000001bede800 Exception <a 'sun/nio/fs/WindowsException'> (0x00000000e15d5830) thrown at [D:\src\AOSP-openjdk-cygwin\jdk8u\hotspot\src\share\vm\prims\jni.cpp, line 709]
Event: 28.682 Thread 0x000000001bede800 Exception <a 'sun/nio/fs/WindowsException'> (0x00000000e15d6450) thrown at [D:\src\AOSP-openjdk-cygwin\jdk8u\hotspot\src\share\vm\prims\jni.cpp, line 709]
Event: 28.682 Thread 0x000000001bede800 Exception <a 'sun/nio/fs/WindowsException'> (0x00000000e15d80b8) thrown at [D:\src\AOSP-openjdk-cygwin\jdk8u\hotspot\src\share\vm\prims\jni.cpp, line 709]
Event: 28.682 Thread 0x000000001bede800 Exception <a 'sun/nio/fs/WindowsException'> (0x00000000e15d8d10) thrown at [D:\src\AOSP-openjdk-cygwin\jdk8u\hotspot\src\share\vm\prims\jni.cpp, line 709]
Event: 28.683 Thread 0x000000001bede800 Exception <a 'sun/nio/fs/WindowsException'> (0x00000000e15e23c0) thrown at [D:\src\AOSP-openjdk-cygwin\jdk8u\hotspot\src\share\vm\prims\jni.cpp, line 709]
Event: 28.684 Thread 0x000000001bede800 Exception <a 'sun/nio/fs/WindowsException'> (0x00000000e15e2ef0) thrown at [D:\src\AOSP-openjdk-cygwin\jdk8u\hotspot\src\share\vm\prims\jni.cpp, line 709]
Event: 28.684 Thread 0x000000001bede800 Exception <a 'sun/nio/fs/WindowsException'> (0x00000000e15e4a68) thrown at [D:\src\AOSP-openjdk-cygwin\jdk8u\hotspot\src\share\vm\prims\jni.cpp, line 709]
Event: 28.684 Thread 0x000000001bede800 Exception <a 'sun/nio/fs/WindowsException'> (0x00000000e15e55d0) thrown at [D:\src\AOSP-openjdk-cygwin\jdk8u\hotspot\src\share\vm\prims\jni.cpp, line 709]
Event: 28.706 Thread 0x000000001bede800 Exception <a 'java/lang/ClassNotFoundException': com/sun/org/glassfish/hk2/osgiresourcelocator/ServiceLoader> (0x00000000e1642e70) thrown at [D:\src\AOSP-openjdk-cygwin\jdk8u\hotspot\src\share\vm\classfile\systemDictionary.cpp, line 210]
Event: 28.711 Thread 0x000000001bede800 Exception <a 'java/lang/NullPointerException'> (0x00000000e1684618) thrown at [D:\src\AOSP-openjdk-cygwin\jdk8u\hotspot\src\share\vm\interpreter\linkResolver.cpp, line 1282]

Events (10 events):
Event: 28.740 loading class com/sun/xml/internal/bind/v2/model/impl/RuntimeValuePropertyInfoImpl
Event: 28.740 loading class com/sun/xml/internal/bind/v2/model/runtime/RuntimeValuePropertyInfo
Event: 28.740 loading class com/sun/xml/internal/bind/v2/model/core/ValuePropertyInfo
Event: 28.740 loading class com/sun/xml/internal/bind/v2/model/core/ValuePropertyInfo done
Event: 28.740 loading class com/sun/xml/internal/bind/v2/model/runtime/RuntimeValuePropertyInfo done
Event: 28.740 loading class com/sun/xml/internal/bind/v2/model/impl/ValuePropertyInfoImpl
Event: 28.740 loading class com/sun/xml/internal/bind/v2/model/impl/ValuePropertyInfoImpl done
Event: 28.740 loading class com/sun/xml/internal/bind/v2/model/impl/RuntimeValuePropertyInfoImpl done
Event: 28.742 loading class com/android/repository/impl/meta/Archive$HostConfig
Event: 28.742 loading class com/android/repository/impl/meta/Archive$HostConfig done


Dynamic libraries:
0x00007ff635640000 - 0x00007ff635671000 	C:\Program Files\Android\Android Studio\jre\bin\java.exe
0x00007ffd084e0000 - 0x00007ffd086c0000 	C:\WINDOWS\SYSTEM32\ntdll.dll
0x00007ffd05fe0000 - 0x00007ffd0608e000 	C:\WINDOWS\System32\KERNEL32.DLL
0x00007ffd05740000 - 0x00007ffd059a6000 	C:\WINDOWS\System32\KERNELBASE.dll
0x00007ffd06480000 - 0x00007ffd06521000 	C:\WINDOWS\System32\ADVAPI32.dll
0x00007ffd05ee0000 - 0x00007ffd05f7d000 	C:\WINDOWS\System32\msvcrt.dll
0x00007ffd06420000 - 0x00007ffd0647b000 	C:\WINDOWS\System32\sechost.dll
0x00007ffd066b0000 - 0x00007ffd067cf000 	C:\WINDOWS\System32\RPCRT4.dll
0x00007ffd08180000 - 0x00007ffd0830f000 	C:\WINDOWS\System32\USER32.dll
0x00007ffd04960000 - 0x00007ffd04980000 	C:\WINDOWS\System32\win32u.dll
0x00007ffd07c10000 - 0x00007ffd07c38000 	C:\WINDOWS\System32\GDI32.dll
0x00007ffd04a80000 - 0x00007ffd04c13000 	C:\WINDOWS\System32\gdi32full.dll
0x00007ffd055f0000 - 0x00007ffd0568b000 	C:\WINDOWS\System32\msvcp_win.dll
0x00007ffd04980000 - 0x00007ffd04a76000 	C:\WINDOWS\System32\ucrtbase.dll
0x00007ffcf7590000 - 0x00007ffcf77f9000 	C:\WINDOWS\WinSxS\amd64_microsoft.windows.common-controls_6595b64144ccf1df_6.0.16299.125_none_15cbcf8893620c09\COMCTL32.dll
0x00007ffd06110000 - 0x00007ffd06418000 	C:\WINDOWS\System32\combase.dll
0x00007ffd048e0000 - 0x00007ffd04952000 	C:\WINDOWS\System32\bcryptPrimitives.dll
0x00007ffd06680000 - 0x00007ffd066ad000 	C:\WINDOWS\System32\IMM32.DLL
0x0000000069fb0000 - 0x000000006a082000 	C:\Program Files\Android\Android Studio\jre\jre\bin\msvcr100.dll
0x000000006a170000 - 0x000000006a9ae000 	C:\Program Files\Android\Android Studio\jre\jre\bin\server\jvm.dll
0x00007ffd07dc0000 - 0x00007ffd07dc8000 	C:\WINDOWS\System32\PSAPI.DLL
0x00007ffcf51a0000 - 0x00007ffcf51a9000 	C:\WINDOWS\SYSTEM32\WSOCK32.dll
0x00007ffd08110000 - 0x00007ffd0817c000 	C:\WINDOWS\System32\WS2_32.dll
0x00007ffcf54a0000 - 0x00007ffcf54aa000 	C:\WINDOWS\SYSTEM32\VERSION.dll
0x00007ffd02c00000 - 0x00007ffd02c23000 	C:\WINDOWS\SYSTEM32\WINMM.dll
0x00007ffd02bd0000 - 0x00007ffd02bfa000 	C:\WINDOWS\SYSTEM32\winmmbase.dll
0x00007ffd05690000 - 0x00007ffd056da000 	C:\WINDOWS\System32\cfgmgr32.dll
0x00007ffcf44b0000 - 0x00007ffcf44bf000 	C:\Program Files\Android\Android Studio\jre\jre\bin\verify.dll
0x00007ffcefd20000 - 0x00007ffcefd49000 	C:\Program Files\Android\Android Studio\jre\jre\bin\java.dll
0x00007ffcf13d0000 - 0x00007ffcf13e6000 	C:\Program Files\Android\Android Studio\jre\jre\bin\zip.dll
0x00007ffd067d0000 - 0x00007ffd07c06000 	C:\WINDOWS\System32\SHELL32.dll
0x00007ffd065d0000 - 0x00007ffd06676000 	C:\WINDOWS\System32\shcore.dll
0x00007ffd04c20000 - 0x00007ffd05367000 	C:\WINDOWS\System32\windows.storage.dll
0x00007ffd05f80000 - 0x00007ffd05fd1000 	C:\WINDOWS\System32\shlwapi.dll
0x00007ffd04870000 - 0x00007ffd04881000 	C:\WINDOWS\System32\kernel.appcore.dll
0x00007ffd04890000 - 0x00007ffd048dc000 	C:\WINDOWS\System32\powrprof.dll
0x00007ffd04830000 - 0x00007ffd0484b000 	C:\WINDOWS\System32\profapi.dll
0x00007ffcf0080000 - 0x00007ffcf009a000 	C:\Program Files\Android\Android Studio\jre\jre\bin\net.dll
0x00007ffd04060000 - 0x00007ffd040c6000 	C:\WINDOWS\system32\mswsock.dll
0x00007ffcefd00000 - 0x00007ffcefd11000 	C:\Program Files\Android\Android Studio\jre\jre\bin\nio.dll
0x00007ffcefd70000 - 0x00007ffcefd8e000 	C:\Users\ASUS\.gradle\native\25\windows-amd64\native-platform.dll
0x00007ffcf3ba0000 - 0x00007ffcf3bad000 	C:\Program Files\Android\Android Studio\jre\jre\bin\management.dll
0x00007ffd04230000 - 0x00007ffd04247000 	C:\WINDOWS\SYSTEM32\CRYPTSP.dll
0x00007ffd03c70000 - 0x00007ffd03ca3000 	C:\WINDOWS\system32\rsaenh.dll
0x00007ffd04330000 - 0x00007ffd04355000 	C:\WINDOWS\SYSTEM32\bcrypt.dll
0x00007ffd04730000 - 0x00007ffd04759000 	C:\WINDOWS\SYSTEM32\USERENV.dll
0x00007ffd04220000 - 0x00007ffd0422b000 	C:\WINDOWS\SYSTEM32\CRYPTBASE.dll
0x00007ffd03df0000 - 0x00007ffd03e29000 	C:\WINDOWS\SYSTEM32\IPHLPAPI.DLL
0x00007ffd059b0000 - 0x00007ffd059b8000 	C:\WINDOWS\System32\NSI.dll
0x00007ffd00870000 - 0x00007ffd00886000 	C:\WINDOWS\SYSTEM32\dhcpcsvc6.DLL
0x00007ffd003b0000 - 0x00007ffd003ca000 	C:\WINDOWS\SYSTEM32\dhcpcsvc.DLL

VM Arguments:
jvm_args: -Xmx1536m -Dfile.encoding=windows-1252 -Duser.country=CO -Duser.language=es -Duser.variant 
java_command: org.gradle.launcher.daemon.bootstrap.GradleDaemon 4.1
java_class_path (initial): C:\Users\ASUS\.gradle\wrapper\dists\gradle-4.1-all\bzyivzo6n839fup2jbap0tjew\gradle-4.1\lib\gradle-launcher-4.1.jar
Launcher Type: SUN_STANDARD

Environment Variables:
PATH=C:\ProgramData\Oracle\Java\javapath;C:\Program Files (x86)\Intel\iCLS Client\;C:\Program Files\Intel\iCLS Client\;C:\WINDOWS\system32;C:\WINDOWS;C:\WINDOWS\System32\Wbem;C:\WINDOWS\System32\WindowsPowerShell\v1.0\;C:\Program Files (x86)\Intel\Intel(R) Management Engine Components\DAL;C:\Program Files\Intel\Intel(R) Management Engine Components\DAL;C:\Program Files (x86)\Intel\Intel(R) Management Engine Components\IPT;C:\Program Files\Intel\Intel(R) Management Engine Components\IPT;C:\Program Files\dotnet\;C:\Users\ASUS\AppData\Local\Microsoft\WindowsApps;
USERNAME=ASUS
OS=Windows_NT
PROCESSOR_IDENTIFIER=Intel64 Family 6 Model 158 Stepping 9, GenuineIntel



---------------  S Y S T E M  ---------------

OS: Windows 10.0 , 64 bit Build 16299 (10.0.16299.15)

CPU:total 4 (initial active 4) (4 cores per cpu, 1 threads per core) family 6 model 158 stepping 9, cmov, cx8, fxsr, mmx, sse, sse2, sse3, ssse3, sse4.1, sse4.2, popcnt, avx, avx2, aes, clmul, erms, 3dnowpref, lzcnt, tsc, tscinvbit, bmi1, bmi2, adx

Memory: 4k page, physical 4082488k(1071968k free), swap 16665400k(2072k free)

vm_info: OpenJDK 64-Bit Server VM (25.152-b01) for windows-amd64 JRE (1.8.0_152-release-915-b01), built by "builder" with MS VC++ 10.0 (VS2010)

time: Sat Feb 10 11:09:57 2018
elapsed time: 28 seconds (0d 0h 0m 28s)

